2023-03-06 12:08:57,504 INFO     0 out of 10000
2023-03-06 12:11:29,528 INFO     100 out of 10000
2023-03-06 12:11:29,528 INFO     ONLY EPSILON: 0.92 92 100
2023-03-06 12:11:29,528 INFO     MAX LENGTH 1: 0.08 8 100
2023-03-06 12:11:29,528 INFO     ONLY ONE UNIQUE: 0.96 96 100
2023-03-06 12:11:29,528 INFO     LONG AND DIVERSE: 0.0 0 100
2023-03-06 12:13:28,475 INFO     200 out of 10000
2023-03-06 12:13:28,475 INFO     ONLY EPSILON: 0.84 168 200
2023-03-06 12:13:28,476 INFO     MAX LENGTH 1: 0.15 30 200
2023-03-06 12:13:28,476 INFO     ONLY ONE UNIQUE: 0.94 188 200
2023-03-06 12:13:28,476 INFO     LONG AND DIVERSE: 0.0 0 200
2023-03-06 12:15:15,415 INFO     300 out of 10000
2023-03-06 12:15:15,415 INFO     ONLY EPSILON: 0.8666666666666667 260 300
2023-03-06 12:15:15,415 INFO     MAX LENGTH 1: 0.12666666666666668 38 300
2023-03-06 12:15:15,415 INFO     ONLY ONE UNIQUE: 0.9566666666666667 287 300
2023-03-06 12:15:15,416 INFO     LONG AND DIVERSE: 0.0 0 300
2023-03-06 12:17:15,198 INFO     400 out of 10000
2023-03-06 12:17:15,198 INFO     ONLY EPSILON: 0.86 344 400
2023-03-06 12:17:15,198 INFO     MAX LENGTH 1: 0.1275 51 400
2023-03-06 12:17:15,198 INFO     ONLY ONE UNIQUE: 0.9525 381 400
2023-03-06 12:17:15,198 INFO     LONG AND DIVERSE: 0.005 2 400
2023-03-06 12:19:32,249 INFO     500 out of 10000
2023-03-06 12:19:32,249 INFO     ONLY EPSILON: 0.858 429 500
2023-03-06 12:19:32,250 INFO     MAX LENGTH 1: 0.13 65 500
2023-03-06 12:19:32,250 INFO     ONLY ONE UNIQUE: 0.954 477 500
2023-03-06 12:19:32,250 INFO     LONG AND DIVERSE: 0.004 2 500
2023-03-06 12:22:14,203 INFO     600 out of 10000
2023-03-06 12:22:14,203 INFO     ONLY EPSILON: 0.8533333333333334 512 600
2023-03-06 12:22:14,203 INFO     MAX LENGTH 1: 0.13666666666666666 82 600
2023-03-06 12:22:14,203 INFO     ONLY ONE UNIQUE: 0.9516666666666667 571 600
2023-03-06 12:22:14,203 INFO     LONG AND DIVERSE: 0.0033333333333333335 2 600
2023-03-06 12:23:25,772 INFO     700 out of 10000
2023-03-06 12:23:25,772 INFO     ONLY EPSILON: 0.8371428571428572 586 700
2023-03-06 12:23:25,772 INFO     MAX LENGTH 1: 0.15142857142857144 106 700
2023-03-06 12:23:25,772 INFO     ONLY ONE UNIQUE: 0.9442857142857143 661 700
2023-03-06 12:23:25,772 INFO     LONG AND DIVERSE: 0.005714285714285714 4 700
2023-03-06 12:26:01,410 INFO     800 out of 10000
2023-03-06 12:26:01,411 INFO     ONLY EPSILON: 0.8275 662 800
2023-03-06 12:26:01,411 INFO     MAX LENGTH 1: 0.1625 130 800
2023-03-06 12:26:01,411 INFO     ONLY ONE UNIQUE: 0.94125 753 800
2023-03-06 12:26:01,411 INFO     LONG AND DIVERSE: 0.005 4 800
2023-03-06 12:28:03,898 INFO     900 out of 10000
2023-03-06 12:28:03,899 INFO     ONLY EPSILON: 0.8211111111111111 739 900
2023-03-06 12:28:03,899 INFO     MAX LENGTH 1: 0.16777777777777778 151 900
2023-03-06 12:28:03,899 INFO     ONLY ONE UNIQUE: 0.9388888888888889 845 900
2023-03-06 12:28:03,899 INFO     LONG AND DIVERSE: 0.005555555555555556 5 900
2023-03-06 12:30:03,248 INFO     1000 out of 10000
2023-03-06 12:30:03,248 INFO     ONLY EPSILON: 0.822 822 1000
2023-03-06 12:30:03,248 INFO     MAX LENGTH 1: 0.168 168 1000
2023-03-06 12:30:03,248 INFO     ONLY ONE UNIQUE: 0.942 942 1000
2023-03-06 12:30:03,248 INFO     LONG AND DIVERSE: 0.005 5 1000
2023-03-06 12:32:18,434 INFO     1100 out of 10000
2023-03-06 12:32:18,435 INFO     ONLY EPSILON: 0.8218181818181818 904 1100
2023-03-06 12:32:18,435 INFO     MAX LENGTH 1: 0.16818181818181818 185 1100
2023-03-06 12:32:18,435 INFO     ONLY ONE UNIQUE: 0.9445454545454546 1039 1100
2023-03-06 12:32:18,435 INFO     LONG AND DIVERSE: 0.004545454545454545 5 1100
2023-03-06 12:34:24,449 INFO     1200 out of 10000
2023-03-06 12:34:24,450 INFO     ONLY EPSILON: 0.8158333333333333 979 1200
2023-03-06 12:34:24,450 INFO     MAX LENGTH 1: 0.1725 207 1200
2023-03-06 12:34:24,450 INFO     ONLY ONE UNIQUE: 0.9433333333333334 1132 1200
2023-03-06 12:34:24,450 INFO     LONG AND DIVERSE: 0.004166666666666667 5 1200
2023-03-06 12:36:04,530 INFO     1300 out of 10000
2023-03-06 12:36:04,531 INFO     ONLY EPSILON: 0.8192307692307692 1065 1300
2023-03-06 12:36:04,531 INFO     MAX LENGTH 1: 0.16923076923076924 220 1300
2023-03-06 12:36:04,531 INFO     ONLY ONE UNIQUE: 0.9438461538461539 1227 1300
2023-03-06 12:36:04,531 INFO     LONG AND DIVERSE: 0.0038461538461538464 5 1300
2023-03-06 12:38:09,259 INFO     1400 out of 10000
2023-03-06 12:38:09,259 INFO     ONLY EPSILON: 0.82 1148 1400
2023-03-06 12:38:09,259 INFO     MAX LENGTH 1: 0.1692857142857143 237 1400
2023-03-06 12:38:09,259 INFO     ONLY ONE UNIQUE: 0.9435714285714286 1321 1400
2023-03-06 12:38:09,259 INFO     LONG AND DIVERSE: 0.0035714285714285713 5 1400
2023-03-06 12:40:13,194 INFO     1500 out of 10000
2023-03-06 12:40:13,195 INFO     ONLY EPSILON: 0.818 1227 1500
2023-03-06 12:40:13,195 INFO     MAX LENGTH 1: 0.172 258 1500
2023-03-06 12:40:13,195 INFO     ONLY ONE UNIQUE: 0.942 1413 1500
2023-03-06 12:40:13,195 INFO     LONG AND DIVERSE: 0.0033333333333333335 5 1500
2023-03-06 12:42:09,662 INFO     1600 out of 10000
2023-03-06 12:42:09,662 INFO     ONLY EPSILON: 0.815 1304 1600
2023-03-06 12:42:09,662 INFO     MAX LENGTH 1: 0.175 280 1600
2023-03-06 12:42:09,662 INFO     ONLY ONE UNIQUE: 0.94125 1506 1600
2023-03-06 12:42:09,662 INFO     LONG AND DIVERSE: 0.003125 5 1600
2023-03-06 12:45:17,650 INFO     1700 out of 10000
2023-03-06 12:45:17,650 INFO     ONLY EPSILON: 0.8188235294117647 1392 1700
2023-03-06 12:45:17,650 INFO     MAX LENGTH 1: 0.17176470588235293 292 1700
2023-03-06 12:45:17,650 INFO     ONLY ONE UNIQUE: 0.9435294117647058 1604 1700
2023-03-06 12:45:17,650 INFO     LONG AND DIVERSE: 0.0029411764705882353 5 1700
2023-03-06 12:47:02,265 INFO     1800 out of 10000
2023-03-06 12:47:02,266 INFO     ONLY EPSILON: 0.8194444444444444 1475 1800
2023-03-06 12:47:02,266 INFO     MAX LENGTH 1: 0.1711111111111111 308 1800
2023-03-06 12:47:02,266 INFO     ONLY ONE UNIQUE: 0.9416666666666667 1695 1800
2023-03-06 12:47:02,266 INFO     LONG AND DIVERSE: 0.0033333333333333335 6 1800
2023-03-06 12:49:23,274 INFO     1900 out of 10000
2023-03-06 12:49:23,274 INFO     ONLY EPSILON: 0.8210526315789474 1560 1900
2023-03-06 12:49:23,275 INFO     MAX LENGTH 1: 0.16842105263157894 320 1900
2023-03-06 12:49:23,275 INFO     ONLY ONE UNIQUE: 0.9421052631578948 1790 1900
2023-03-06 12:49:23,275 INFO     LONG AND DIVERSE: 0.0036842105263157894 7 1900
2023-03-06 12:51:31,205 INFO     2000 out of 10000
2023-03-06 12:51:31,206 INFO     ONLY EPSILON: 0.822 1644 2000
2023-03-06 12:51:31,206 INFO     MAX LENGTH 1: 0.1665 333 2000
2023-03-06 12:51:31,206 INFO     ONLY ONE UNIQUE: 0.9405 1881 2000
2023-03-06 12:51:31,206 INFO     LONG AND DIVERSE: 0.0045 9 2000
2023-03-06 12:54:02,508 INFO     2100 out of 10000
2023-03-06 12:54:02,508 INFO     ONLY EPSILON: 0.819047619047619 1720 2100
2023-03-06 12:54:02,508 INFO     MAX LENGTH 1: 0.16904761904761906 355 2100
2023-03-06 12:54:02,508 INFO     ONLY ONE UNIQUE: 0.939047619047619 1972 2100
2023-03-06 12:54:02,508 INFO     LONG AND DIVERSE: 0.004285714285714286 9 2100
2023-03-06 12:56:25,409 INFO     2200 out of 10000
2023-03-06 12:56:25,410 INFO     ONLY EPSILON: 0.8190909090909091 1802 2200
2023-03-06 12:56:25,410 INFO     MAX LENGTH 1: 0.16818181818181818 370 2200
2023-03-06 12:56:25,410 INFO     ONLY ONE UNIQUE: 0.94 2068 2200
2023-03-06 12:56:25,410 INFO     LONG AND DIVERSE: 0.004545454545454545 10 2200
2023-03-06 12:58:36,420 INFO     2300 out of 10000
2023-03-06 12:58:36,421 INFO     ONLY EPSILON: 0.82 1886 2300
2023-03-06 12:58:36,421 INFO     MAX LENGTH 1: 0.16782608695652174 386 2300
2023-03-06 12:58:36,421 INFO     ONLY ONE UNIQUE: 0.9395652173913044 2161 2300
2023-03-06 12:58:36,421 INFO     LONG AND DIVERSE: 0.004347826086956522 10 2300
2023-03-06 13:00:34,175 INFO     2400 out of 10000
2023-03-06 13:00:34,176 INFO     ONLY EPSILON: 0.82 1968 2400
2023-03-06 13:00:34,176 INFO     MAX LENGTH 1: 0.1675 402 2400
2023-03-06 13:00:34,176 INFO     ONLY ONE UNIQUE: 0.93875 2253 2400
2023-03-06 13:00:34,176 INFO     LONG AND DIVERSE: 0.005 12 2400
2023-03-06 13:02:39,292 INFO     2500 out of 10000
2023-03-06 13:02:39,293 INFO     ONLY EPSILON: 0.8192 2048 2500
2023-03-06 13:02:39,293 INFO     MAX LENGTH 1: 0.1688 422 2500
2023-03-06 13:02:39,293 INFO     ONLY ONE UNIQUE: 0.938 2345 2500
2023-03-06 13:02:39,293 INFO     LONG AND DIVERSE: 0.0048 12 2500
2023-03-06 13:11:58,098 INFO     2600 out of 10000
2023-03-06 13:11:58,099 INFO     ONLY EPSILON: 0.818076923076923 2127 2600
2023-03-06 13:11:58,099 INFO     MAX LENGTH 1: 0.1696153846153846 441 2600
2023-03-06 13:11:58,099 INFO     ONLY ONE UNIQUE: 0.938076923076923 2439 2600
2023-03-06 13:11:58,099 INFO     LONG AND DIVERSE: 0.004615384615384616 12 2600
2023-03-06 13:14:16,453 INFO     2700 out of 10000
2023-03-06 13:14:16,453 INFO     ONLY EPSILON: 0.8192592592592592 2212 2700
2023-03-06 13:14:16,453 INFO     MAX LENGTH 1: 0.1685185185185185 455 2700
2023-03-06 13:14:16,453 INFO     ONLY ONE UNIQUE: 0.9374074074074074 2531 2700
2023-03-06 13:14:16,453 INFO     LONG AND DIVERSE: 0.0044444444444444444 12 2700
2023-03-06 13:17:41,456 INFO     2800 out of 10000
2023-03-06 13:17:41,456 INFO     ONLY EPSILON: 0.8182142857142857 2291 2800
2023-03-06 13:17:41,456 INFO     MAX LENGTH 1: 0.17 476 2800
2023-03-06 13:17:41,456 INFO     ONLY ONE UNIQUE: 0.9371428571428572 2624 2800
2023-03-06 13:17:41,456 INFO     LONG AND DIVERSE: 0.004285714285714286 12 2800
2023-03-06 13:19:22,224 INFO     2900 out of 10000
2023-03-06 13:19:22,225 INFO     ONLY EPSILON: 0.8165517241379311 2368 2900
2023-03-06 13:19:22,225 INFO     MAX LENGTH 1: 0.17206896551724138 499 2900
2023-03-06 13:19:22,225 INFO     ONLY ONE UNIQUE: 0.9362068965517242 2715 2900
2023-03-06 13:19:22,225 INFO     LONG AND DIVERSE: 0.004137931034482759 12 2900
2023-03-06 13:21:15,019 INFO     3000 out of 10000
2023-03-06 13:21:15,019 INFO     ONLY EPSILON: 0.8173333333333334 2452 3000
2023-03-06 13:21:15,019 INFO     MAX LENGTH 1: 0.17133333333333334 514 3000
2023-03-06 13:21:15,019 INFO     ONLY ONE UNIQUE: 0.9363333333333334 2809 3000
2023-03-06 13:21:15,020 INFO     LONG AND DIVERSE: 0.004 12 3000
2023-03-06 13:23:10,670 INFO     3100 out of 10000
2023-03-06 13:23:10,670 INFO     ONLY EPSILON: 0.8180645161290323 2536 3100
2023-03-06 13:23:10,670 INFO     MAX LENGTH 1: 0.17 527 3100
2023-03-06 13:23:10,670 INFO     ONLY ONE UNIQUE: 0.9367741935483871 2904 3100
2023-03-06 13:23:10,670 INFO     LONG AND DIVERSE: 0.004193548387096774 13 3100
2023-03-06 13:25:27,900 INFO     3200 out of 10000
2023-03-06 13:25:27,901 INFO     ONLY EPSILON: 0.8146875 2607 3200
2023-03-06 13:25:27,901 INFO     MAX LENGTH 1: 0.17375 556 3200
2023-03-06 13:25:27,901 INFO     ONLY ONE UNIQUE: 0.93625 2996 3200
2023-03-06 13:25:27,901 INFO     LONG AND DIVERSE: 0.0040625 13 3200
2023-03-06 13:27:13,875 INFO     3300 out of 10000
2023-03-06 13:27:13,875 INFO     ONLY EPSILON: 0.8145454545454546 2688 3300
2023-03-06 13:27:13,875 INFO     MAX LENGTH 1: 0.17333333333333334 572 3300
2023-03-06 13:27:13,875 INFO     ONLY ONE UNIQUE: 0.9357575757575758 3088 3300
2023-03-06 13:27:13,875 INFO     LONG AND DIVERSE: 0.004545454545454545 15 3300
2023-03-06 13:29:47,227 INFO     3400 out of 10000
2023-03-06 13:29:47,227 INFO     ONLY EPSILON: 0.8158823529411765 2774 3400
2023-03-06 13:29:47,227 INFO     MAX LENGTH 1: 0.1723529411764706 586 3400
2023-03-06 13:29:47,227 INFO     ONLY ONE UNIQUE: 0.9361764705882353 3183 3400
2023-03-06 13:29:47,227 INFO     LONG AND DIVERSE: 0.004411764705882353 15 3400
2023-03-06 13:32:24,135 INFO     3500 out of 10000
2023-03-06 13:32:24,136 INFO     ONLY EPSILON: 0.8157142857142857 2855 3500
2023-03-06 13:32:24,136 INFO     MAX LENGTH 1: 0.17257142857142857 604 3500
2023-03-06 13:32:24,136 INFO     ONLY ONE UNIQUE: 0.9362857142857143 3277 3500
2023-03-06 13:32:24,136 INFO     LONG AND DIVERSE: 0.004285714285714286 15 3500
2023-03-06 13:35:01,899 INFO     3600 out of 10000
2023-03-06 13:35:01,900 INFO     ONLY EPSILON: 0.815 2934 3600
2023-03-06 13:35:01,900 INFO     MAX LENGTH 1: 0.17305555555555555 623 3600
2023-03-06 13:35:01,900 INFO     ONLY ONE UNIQUE: 0.9369444444444445 3373 3600
2023-03-06 13:35:01,900 INFO     LONG AND DIVERSE: 0.004166666666666667 15 3600
2023-03-06 13:38:53,912 INFO     3700 out of 10000
2023-03-06 13:38:53,913 INFO     ONLY EPSILON: 0.8159459459459459 3019 3700
2023-03-06 13:38:53,913 INFO     MAX LENGTH 1: 0.17162162162162162 635 3700
2023-03-06 13:38:53,913 INFO     ONLY ONE UNIQUE: 0.9372972972972973 3468 3700
2023-03-06 13:38:53,913 INFO     LONG AND DIVERSE: 0.004324324324324324 16 3700
2023-03-06 13:41:12,765 INFO     3800 out of 10000
2023-03-06 13:41:12,765 INFO     ONLY EPSILON: 0.8181578947368421 3109 3800
2023-03-06 13:41:12,766 INFO     MAX LENGTH 1: 0.16973684210526316 645 3800
2023-03-06 13:41:12,766 INFO     ONLY ONE UNIQUE: 0.9378947368421052 3564 3800
2023-03-06 13:41:12,766 INFO     LONG AND DIVERSE: 0.004210526315789474 16 3800
2023-03-06 13:43:15,282 INFO     3900 out of 10000
2023-03-06 13:43:15,283 INFO     ONLY EPSILON: 0.8176923076923077 3189 3900
2023-03-06 13:43:15,283 INFO     MAX LENGTH 1: 0.16948717948717948 661 3900
2023-03-06 13:43:15,283 INFO     ONLY ONE UNIQUE: 0.9374358974358974 3656 3900
2023-03-06 13:43:15,283 INFO     LONG AND DIVERSE: 0.004615384615384616 18 3900
2023-03-06 13:45:31,762 INFO     4000 out of 10000
2023-03-06 13:45:31,762 INFO     ONLY EPSILON: 0.8155 3262 4000
2023-03-06 13:45:31,762 INFO     MAX LENGTH 1: 0.17125 685 4000
2023-03-06 13:45:31,762 INFO     ONLY ONE UNIQUE: 0.937 3748 4000
2023-03-06 13:45:31,762 INFO     LONG AND DIVERSE: 0.0045 18 4000
2023-03-06 13:47:23,452 INFO     4100 out of 10000
2023-03-06 13:47:23,453 INFO     ONLY EPSILON: 0.8180487804878048 3354 4100
2023-03-06 13:47:23,453 INFO     MAX LENGTH 1: 0.16878048780487806 692 4100
2023-03-06 13:47:23,453 INFO     ONLY ONE UNIQUE: 0.9373170731707318 3843 4100
2023-03-06 13:47:23,453 INFO     LONG AND DIVERSE: 0.004634146341463414 19 4100
2023-03-06 13:49:25,335 INFO     4200 out of 10000
2023-03-06 13:49:25,335 INFO     ONLY EPSILON: 0.82 3444 4200
2023-03-06 13:49:25,335 INFO     MAX LENGTH 1: 0.16690476190476192 701 4200
2023-03-06 13:49:25,335 INFO     ONLY ONE UNIQUE: 0.9380952380952381 3940 4200
2023-03-06 13:49:25,335 INFO     LONG AND DIVERSE: 0.004761904761904762 20 4200
2023-03-06 13:51:42,852 INFO     4300 out of 10000
2023-03-06 13:51:42,853 INFO     ONLY EPSILON: 0.8211627906976744 3531 4300
2023-03-06 13:51:42,853 INFO     MAX LENGTH 1: 0.1658139534883721 713 4300
2023-03-06 13:51:42,853 INFO     ONLY ONE UNIQUE: 0.9381395348837209 4034 4300
2023-03-06 13:51:42,853 INFO     LONG AND DIVERSE: 0.004883720930232558 21 4300
2023-03-06 13:54:13,955 INFO     4400 out of 10000
2023-03-06 13:54:13,955 INFO     ONLY EPSILON: 0.821590909090909 3615 4400
2023-03-06 13:54:13,955 INFO     MAX LENGTH 1: 0.16568181818181818 729 4400
2023-03-06 13:54:13,955 INFO     ONLY ONE UNIQUE: 0.9377272727272727 4126 4400
2023-03-06 13:54:13,955 INFO     LONG AND DIVERSE: 0.004772727272727273 21 4400
2023-03-06 13:57:00,703 INFO     4500 out of 10000
2023-03-06 13:57:00,703 INFO     ONLY EPSILON: 0.822 3699 4500
2023-03-06 13:57:00,703 INFO     MAX LENGTH 1: 0.16533333333333333 744 4500
2023-03-06 13:57:00,704 INFO     ONLY ONE UNIQUE: 0.9382222222222222 4222 4500
2023-03-06 13:57:00,704 INFO     LONG AND DIVERSE: 0.004666666666666667 21 4500
2023-03-06 13:59:05,569 INFO     4600 out of 10000
2023-03-06 13:59:05,569 INFO     ONLY EPSILON: 0.8228260869565217 3785 4600
2023-03-06 13:59:05,569 INFO     MAX LENGTH 1: 0.16478260869565217 758 4600
2023-03-06 13:59:05,569 INFO     ONLY ONE UNIQUE: 0.938695652173913 4318 4600
2023-03-06 13:59:05,569 INFO     LONG AND DIVERSE: 0.004565217391304348 21 4600
2023-03-06 14:01:35,025 INFO     4700 out of 10000
2023-03-06 14:01:35,026 INFO     ONLY EPSILON: 0.8227659574468085 3867 4700
2023-03-06 14:01:35,026 INFO     MAX LENGTH 1: 0.1646808510638298 774 4700
2023-03-06 14:01:35,026 INFO     ONLY ONE UNIQUE: 0.9380851063829787 4409 4700
2023-03-06 14:01:35,026 INFO     LONG AND DIVERSE: 0.004893617021276595 23 4700
2023-03-06 14:03:02,679 INFO     4800 out of 10000
2023-03-06 14:03:02,680 INFO     ONLY EPSILON: 0.8220833333333334 3946 4800
2023-03-06 14:03:02,680 INFO     MAX LENGTH 1: 0.16541666666666666 794 4800
2023-03-06 14:03:02,680 INFO     ONLY ONE UNIQUE: 0.9379166666666666 4502 4800
2023-03-06 14:03:02,680 INFO     LONG AND DIVERSE: 0.004791666666666666 23 4800
2023-03-06 14:05:20,084 INFO     4900 out of 10000
2023-03-06 14:05:20,084 INFO     ONLY EPSILON: 0.8226530612244898 4031 4900
2023-03-06 14:05:20,084 INFO     MAX LENGTH 1: 0.1646938775510204 807 4900
2023-03-06 14:05:20,084 INFO     ONLY ONE UNIQUE: 0.9375510204081633 4594 4900
2023-03-06 14:05:20,084 INFO     LONG AND DIVERSE: 0.004897959183673469 24 4900
2023-03-06 14:08:02,720 INFO     5000 out of 10000
2023-03-06 14:08:02,720 INFO     ONLY EPSILON: 0.8236 4118 5000
2023-03-06 14:08:02,720 INFO     MAX LENGTH 1: 0.164 820 5000
2023-03-06 14:08:02,721 INFO     ONLY ONE UNIQUE: 0.9384 4692 5000
2023-03-06 14:08:02,721 INFO     LONG AND DIVERSE: 0.0048 24 5000
2023-03-06 14:10:12,156 INFO     5100 out of 10000
2023-03-06 14:10:12,157 INFO     ONLY EPSILON: 0.823921568627451 4202 5100
2023-03-06 14:10:12,157 INFO     MAX LENGTH 1: 0.16333333333333333 833 5100
2023-03-06 14:10:12,157 INFO     ONLY ONE UNIQUE: 0.9388235294117647 4788 5100
2023-03-06 14:10:12,157 INFO     LONG AND DIVERSE: 0.004705882352941176 24 5100
2023-03-06 14:12:48,821 INFO     5200 out of 10000
2023-03-06 14:12:48,821 INFO     ONLY EPSILON: 0.8238461538461539 4284 5200
2023-03-06 14:12:48,821 INFO     MAX LENGTH 1: 0.16346153846153846 850 5200
2023-03-06 14:12:48,821 INFO     ONLY ONE UNIQUE: 0.9390384615384615 4883 5200
2023-03-06 14:12:48,821 INFO     LONG AND DIVERSE: 0.004615384615384616 24 5200
2023-03-06 14:14:47,160 INFO     5300 out of 10000
2023-03-06 14:14:47,160 INFO     ONLY EPSILON: 0.8250943396226416 4373 5300
2023-03-06 14:14:47,160 INFO     MAX LENGTH 1: 0.16245283018867923 861 5300
2023-03-06 14:14:47,160 INFO     ONLY ONE UNIQUE: 0.939433962264151 4979 5300
2023-03-06 14:14:47,160 INFO     LONG AND DIVERSE: 0.004528301886792453 24 5300
2023-03-06 14:15:19,597 INFO     5400 out of 10000
2023-03-06 14:15:19,597 INFO     ONLY EPSILON: 0.8262962962962963 4462 5400
2023-03-06 14:15:19,598 INFO     MAX LENGTH 1: 0.1612962962962963 871 5400
2023-03-06 14:15:19,598 INFO     ONLY ONE UNIQUE: 0.94 5076 5400
2023-03-06 14:15:19,598 INFO     LONG AND DIVERSE: 0.004629629629629629 25 5400
2023-03-06 14:17:17,891 INFO     5500 out of 10000
2023-03-06 14:17:17,892 INFO     ONLY EPSILON: 0.8274545454545454 4551 5500
2023-03-06 14:17:17,892 INFO     MAX LENGTH 1: 0.16018181818181818 881 5500
2023-03-06 14:17:17,892 INFO     ONLY ONE UNIQUE: 0.9403636363636364 5172 5500
2023-03-06 14:17:17,892 INFO     LONG AND DIVERSE: 0.004545454545454545 25 5500
2023-03-06 14:19:13,824 INFO     5600 out of 10000
2023-03-06 14:19:13,825 INFO     ONLY EPSILON: 0.8269642857142857 4631 5600
2023-03-06 14:19:13,825 INFO     MAX LENGTH 1: 0.16053571428571428 899 5600
2023-03-06 14:19:13,825 INFO     ONLY ONE UNIQUE: 0.9401785714285714 5265 5600
2023-03-06 14:19:13,825 INFO     LONG AND DIVERSE: 0.004464285714285714 25 5600
2023-03-06 14:21:05,910 INFO     5700 out of 10000
2023-03-06 14:21:05,911 INFO     ONLY EPSILON: 0.8270175438596491 4714 5700
2023-03-06 14:21:05,911 INFO     MAX LENGTH 1: 0.16017543859649122 913 5700
2023-03-06 14:21:05,911 INFO     ONLY ONE UNIQUE: 0.9405263157894737 5361 5700
2023-03-06 14:21:05,911 INFO     LONG AND DIVERSE: 0.004561403508771929 26 5700
2023-03-06 14:22:54,449 INFO     5800 out of 10000
2023-03-06 14:22:54,449 INFO     ONLY EPSILON: 0.826551724137931 4794 5800
2023-03-06 14:22:54,449 INFO     MAX LENGTH 1: 0.16086206896551725 933 5800
2023-03-06 14:22:54,449 INFO     ONLY ONE UNIQUE: 0.9408620689655173 5457 5800
2023-03-06 14:22:54,449 INFO     LONG AND DIVERSE: 0.004482758620689655 26 5800
2023-03-06 14:24:42,534 INFO     5900 out of 10000
2023-03-06 14:24:42,535 INFO     ONLY EPSILON: 0.8269491525423729 4879 5900
2023-03-06 14:24:42,535 INFO     MAX LENGTH 1: 0.1606779661016949 948 5900
2023-03-06 14:24:42,535 INFO     ONLY ONE UNIQUE: 0.9410169491525424 5552 5900
2023-03-06 14:24:42,535 INFO     LONG AND DIVERSE: 0.004406779661016949 26 5900
2023-03-06 14:26:29,341 INFO     6000 out of 10000
2023-03-06 14:26:29,341 INFO     ONLY EPSILON: 0.8256666666666667 4954 6000
2023-03-06 14:26:29,342 INFO     MAX LENGTH 1: 0.16166666666666665 970 6000
2023-03-06 14:26:29,342 INFO     ONLY ONE UNIQUE: 0.9406666666666667 5644 6000
2023-03-06 14:26:29,342 INFO     LONG AND DIVERSE: 0.0045 27 6000
2023-03-06 14:28:11,245 INFO     6100 out of 10000
2023-03-06 14:28:11,246 INFO     ONLY EPSILON: 0.8262295081967214 5040 6100
2023-03-06 14:28:11,246 INFO     MAX LENGTH 1: 0.16098360655737706 982 6100
2023-03-06 14:28:11,246 INFO     ONLY ONE UNIQUE: 0.940983606557377 5740 6100
2023-03-06 14:28:11,246 INFO     LONG AND DIVERSE: 0.004754098360655738 29 6100
2023-03-06 14:29:49,935 INFO     6200 out of 10000
2023-03-06 14:29:49,936 INFO     ONLY EPSILON: 0.8269354838709677 5127 6200
2023-03-06 14:29:49,936 INFO     MAX LENGTH 1: 0.16 992 6200
2023-03-06 14:29:49,936 INFO     ONLY ONE UNIQUE: 0.9414516129032258 5837 6200
2023-03-06 14:29:49,936 INFO     LONG AND DIVERSE: 0.005 31 6200
2023-03-06 14:32:10,538 INFO     6300 out of 10000
2023-03-06 14:32:10,539 INFO     ONLY EPSILON: 0.8269841269841269 5210 6300
2023-03-06 14:32:10,539 INFO     MAX LENGTH 1: 0.16 1008 6300
2023-03-06 14:32:10,539 INFO     ONLY ONE UNIQUE: 0.9419047619047619 5934 6300
2023-03-06 14:32:10,539 INFO     LONG AND DIVERSE: 0.004920634920634921 31 6300
2023-03-06 14:34:49,280 INFO     6400 out of 10000
2023-03-06 14:34:49,281 INFO     ONLY EPSILON: 0.8271875 5294 6400
2023-03-06 14:34:49,281 INFO     MAX LENGTH 1: 0.1596875 1022 6400
2023-03-06 14:34:49,281 INFO     ONLY ONE UNIQUE: 0.94203125 6029 6400
2023-03-06 14:34:49,281 INFO     LONG AND DIVERSE: 0.00484375 31 6400
2023-03-06 14:37:29,047 INFO     6500 out of 10000
2023-03-06 14:37:29,047 INFO     ONLY EPSILON: 0.8278461538461539 5381 6500
2023-03-06 14:37:29,047 INFO     MAX LENGTH 1: 0.15876923076923077 1032 6500
2023-03-06 14:37:29,047 INFO     ONLY ONE UNIQUE: 0.9423076923076923 6125 6500
2023-03-06 14:37:29,047 INFO     LONG AND DIVERSE: 0.004923076923076923 32 6500
2023-03-06 14:40:11,818 INFO     6600 out of 10000
2023-03-06 14:40:11,819 INFO     ONLY EPSILON: 0.8275757575757576 5462 6600
2023-03-06 14:40:11,819 INFO     MAX LENGTH 1: 0.15924242424242424 1051 6600
2023-03-06 14:40:11,819 INFO     ONLY ONE UNIQUE: 0.9421212121212121 6218 6600
2023-03-06 14:40:11,819 INFO     LONG AND DIVERSE: 0.0048484848484848485 32 6600
2023-03-06 14:42:16,222 INFO     6700 out of 10000
2023-03-06 14:42:16,222 INFO     ONLY EPSILON: 0.8271641791044776 5542 6700
2023-03-06 14:42:16,222 INFO     MAX LENGTH 1: 0.15970149253731344 1070 6700
2023-03-06 14:42:16,222 INFO     ONLY ONE UNIQUE: 0.9419402985074626 6311 6700
2023-03-06 14:42:16,222 INFO     LONG AND DIVERSE: 0.004776119402985075 32 6700
2023-03-06 14:44:46,374 INFO     6800 out of 10000
2023-03-06 14:44:46,375 INFO     ONLY EPSILON: 0.8273529411764706 5626 6800
2023-03-06 14:44:46,375 INFO     MAX LENGTH 1: 0.15955882352941175 1085 6800
2023-03-06 14:44:46,375 INFO     ONLY ONE UNIQUE: 0.9420588235294117 6406 6800
2023-03-06 14:44:46,375 INFO     LONG AND DIVERSE: 0.0048529411764705885 33 6800
2023-03-06 14:47:02,160 INFO     6900 out of 10000
2023-03-06 14:47:02,160 INFO     ONLY EPSILON: 0.827391304347826 5709 6900
2023-03-06 14:47:02,160 INFO     MAX LENGTH 1: 0.1589855072463768 1097 6900
2023-03-06 14:47:02,160 INFO     ONLY ONE UNIQUE: 0.9423188405797102 6502 6900
2023-03-06 14:47:02,160 INFO     LONG AND DIVERSE: 0.005072463768115942 35 6900
2023-03-06 14:49:26,223 INFO     7000 out of 10000
2023-03-06 14:49:26,224 INFO     ONLY EPSILON: 0.8274285714285714 5792 7000
2023-03-06 14:49:26,224 INFO     MAX LENGTH 1: 0.15871428571428572 1111 7000
2023-03-06 14:49:26,224 INFO     ONLY ONE UNIQUE: 0.9421428571428572 6595 7000
2023-03-06 14:49:26,224 INFO     LONG AND DIVERSE: 0.005142857142857143 36 7000
2023-03-06 14:52:23,051 INFO     7100 out of 10000
2023-03-06 14:52:23,051 INFO     ONLY EPSILON: 0.8274647887323944 5875 7100
2023-03-06 14:52:23,051 INFO     MAX LENGTH 1: 0.15845070422535212 1125 7100
2023-03-06 14:52:23,051 INFO     ONLY ONE UNIQUE: 0.9423943661971831 6691 7100
2023-03-06 14:52:23,051 INFO     LONG AND DIVERSE: 0.0050704225352112674 36 7100
2023-03-06 14:54:43,307 INFO     7200 out of 10000
2023-03-06 14:54:43,308 INFO     ONLY EPSILON: 0.8275 5958 7200
2023-03-06 14:54:43,308 INFO     MAX LENGTH 1: 0.15861111111111112 1142 7200
2023-03-06 14:54:43,308 INFO     ONLY ONE UNIQUE: 0.9419444444444445 6782 7200
2023-03-06 14:54:43,308 INFO     LONG AND DIVERSE: 0.005 36 7200
2023-03-06 14:58:06,176 INFO     7300 out of 10000
2023-03-06 14:58:06,176 INFO     ONLY EPSILON: 0.8272602739726027 6039 7300
2023-03-06 14:58:06,176 INFO     MAX LENGTH 1: 0.15904109589041096 1161 7300
2023-03-06 14:58:06,176 INFO     ONLY ONE UNIQUE: 0.941917808219178 6876 7300
2023-03-06 14:58:06,176 INFO     LONG AND DIVERSE: 0.004931506849315068 36 7300
2023-03-06 14:59:49,143 INFO     7400 out of 10000
2023-03-06 14:59:49,143 INFO     ONLY EPSILON: 0.8266216216216217 6117 7400
2023-03-06 14:59:49,144 INFO     MAX LENGTH 1: 0.1595945945945946 1181 7400
2023-03-06 14:59:49,144 INFO     ONLY ONE UNIQUE: 0.942027027027027 6971 7400
2023-03-06 14:59:49,144 INFO     LONG AND DIVERSE: 0.005 37 7400
2023-03-06 15:06:01,728 INFO     7500 out of 10000
2023-03-06 15:06:01,729 INFO     ONLY EPSILON: 0.8265333333333333 6199 7500
2023-03-06 15:06:01,729 INFO     MAX LENGTH 1: 0.15986666666666666 1199 7500
2023-03-06 15:06:01,729 INFO     ONLY ONE UNIQUE: 0.9422666666666667 7067 7500
2023-03-06 15:06:01,729 INFO     LONG AND DIVERSE: 0.004933333333333333 37 7500
2023-03-06 15:07:35,960 INFO     7600 out of 10000
2023-03-06 15:07:35,961 INFO     ONLY EPSILON: 0.8257894736842105 6276 7600
2023-03-06 15:07:35,961 INFO     MAX LENGTH 1: 0.16039473684210526 1219 7600
2023-03-06 15:07:35,961 INFO     ONLY ONE UNIQUE: 0.9425 7163 7600
2023-03-06 15:07:35,961 INFO     LONG AND DIVERSE: 0.005 38 7600
2023-03-06 15:09:22,234 INFO     7700 out of 10000
2023-03-06 15:09:22,235 INFO     ONLY EPSILON: 0.8258441558441558 6359 7700
2023-03-06 15:09:22,235 INFO     MAX LENGTH 1: 0.1603896103896104 1235 7700
2023-03-06 15:09:22,235 INFO     ONLY ONE UNIQUE: 0.9425974025974025 7258 7700
2023-03-06 15:09:22,235 INFO     LONG AND DIVERSE: 0.005064935064935065 39 7700
2023-03-06 15:11:46,701 INFO     7800 out of 10000
2023-03-06 15:11:46,701 INFO     ONLY EPSILON: 0.8255128205128205 6439 7800
2023-03-06 15:11:46,702 INFO     MAX LENGTH 1: 0.1608974358974359 1255 7800
2023-03-06 15:11:46,702 INFO     ONLY ONE UNIQUE: 0.9424358974358974 7351 7800
2023-03-06 15:11:46,702 INFO     LONG AND DIVERSE: 0.005 39 7800
2023-03-06 15:13:10,974 INFO     7900 out of 10000
2023-03-06 15:13:10,975 INFO     ONLY EPSILON: 0.8258227848101266 6524 7900
2023-03-06 15:13:10,975 INFO     MAX LENGTH 1: 0.16075949367088607 1270 7900
2023-03-06 15:13:10,975 INFO     ONLY ONE UNIQUE: 0.9425316455696202 7446 7900
2023-03-06 15:13:10,975 INFO     LONG AND DIVERSE: 0.004936708860759494 39 7900
2023-03-06 15:14:50,990 INFO     8000 out of 10000
2023-03-06 15:14:50,990 INFO     ONLY EPSILON: 0.825875 6607 8000
2023-03-06 15:14:50,990 INFO     MAX LENGTH 1: 0.16075 1286 8000
2023-03-06 15:14:50,991 INFO     ONLY ONE UNIQUE: 0.942625 7541 8000
2023-03-06 15:14:50,991 INFO     LONG AND DIVERSE: 0.005 40 8000
2023-03-06 15:15:59,774 INFO     8100 out of 10000
2023-03-06 15:15:59,775 INFO     ONLY EPSILON: 0.8255555555555556 6687 8100
2023-03-06 15:15:59,775 INFO     MAX LENGTH 1: 0.16111111111111112 1305 8100
2023-03-06 15:15:59,775 INFO     ONLY ONE UNIQUE: 0.942716049382716 7636 8100
2023-03-06 15:15:59,775 INFO     LONG AND DIVERSE: 0.0049382716049382715 40 8100
2023-03-06 15:18:31,346 INFO     8200 out of 10000
2023-03-06 15:18:31,347 INFO     ONLY EPSILON: 0.8252439024390243 6767 8200
2023-03-06 15:18:31,347 INFO     MAX LENGTH 1: 0.16121951219512196 1322 8200
2023-03-06 15:18:31,347 INFO     ONLY ONE UNIQUE: 0.9421951219512195 7726 8200
2023-03-06 15:18:31,347 INFO     LONG AND DIVERSE: 0.005 41 8200
2023-03-06 15:20:11,509 INFO     8300 out of 10000
2023-03-06 15:20:11,510 INFO     ONLY EPSILON: 0.8249397590361446 6847 8300
2023-03-06 15:20:11,510 INFO     MAX LENGTH 1: 0.1614457831325301 1340 8300
2023-03-06 15:20:11,510 INFO     ONLY ONE UNIQUE: 0.9421686746987952 7820 8300
2023-03-06 15:20:11,510 INFO     LONG AND DIVERSE: 0.005060240963855421 42 8300
2023-03-06 15:21:47,712 INFO     8400 out of 10000
2023-03-06 15:21:47,712 INFO     ONLY EPSILON: 0.825 6930 8400
2023-03-06 15:21:47,712 INFO     MAX LENGTH 1: 0.16154761904761905 1357 8400
2023-03-06 15:21:47,712 INFO     ONLY ONE UNIQUE: 0.9421428571428572 7914 8400
2023-03-06 15:21:47,713 INFO     LONG AND DIVERSE: 0.005 42 8400
2023-03-06 15:24:02,335 INFO     8500 out of 10000
2023-03-06 15:24:02,335 INFO     ONLY EPSILON: 0.8250588235294117 7013 8500
2023-03-06 15:24:02,335 INFO     MAX LENGTH 1: 0.1612941176470588 1371 8500
2023-03-06 15:24:02,335 INFO     ONLY ONE UNIQUE: 0.9423529411764706 8010 8500
2023-03-06 15:24:02,335 INFO     LONG AND DIVERSE: 0.005058823529411765 43 8500
2023-03-06 15:27:02,583 INFO     8600 out of 10000
2023-03-06 15:27:02,584 INFO     ONLY EPSILON: 0.8261627906976744 7105 8600
2023-03-06 15:27:02,584 INFO     MAX LENGTH 1: 0.16023255813953488 1378 8600
2023-03-06 15:27:02,584 INFO     ONLY ONE UNIQUE: 0.9425581395348838 8106 8600
2023-03-06 15:27:02,584 INFO     LONG AND DIVERSE: 0.0051162790697674414 44 8600
2023-03-06 15:28:59,675 INFO     8700 out of 10000
2023-03-06 15:28:59,675 INFO     ONLY EPSILON: 0.8260919540229885 7187 8700
2023-03-06 15:28:59,675 INFO     MAX LENGTH 1: 0.16034482758620688 1395 8700
2023-03-06 15:28:59,676 INFO     ONLY ONE UNIQUE: 0.9426436781609195 8201 8700
2023-03-06 15:28:59,676 INFO     LONG AND DIVERSE: 0.005057471264367816 44 8700
2023-03-06 15:30:24,710 INFO     8800 out of 10000
2023-03-06 15:30:24,710 INFO     ONLY EPSILON: 0.8261363636363637 7270 8800
2023-03-06 15:30:24,710 INFO     MAX LENGTH 1: 0.1603409090909091 1411 8800
2023-03-06 15:30:24,710 INFO     ONLY ONE UNIQUE: 0.9427272727272727 8296 8800
2023-03-06 15:30:24,710 INFO     LONG AND DIVERSE: 0.005113636363636364 45 8800
2023-03-06 15:32:21,386 INFO     8900 out of 10000
2023-03-06 15:32:21,387 INFO     ONLY EPSILON: 0.8264044943820225 7355 8900
2023-03-06 15:32:21,387 INFO     MAX LENGTH 1: 0.1598876404494382 1423 8900
2023-03-06 15:32:21,387 INFO     ONLY ONE UNIQUE: 0.9431460674157304 8394 8900
2023-03-06 15:32:21,387 INFO     LONG AND DIVERSE: 0.0050561797752808986 45 8900
2023-03-06 15:35:25,989 INFO     9000 out of 10000
2023-03-06 15:35:25,989 INFO     ONLY EPSILON: 0.8266666666666667 7440 9000
2023-03-06 15:35:25,990 INFO     MAX LENGTH 1: 0.15955555555555556 1436 9000
2023-03-06 15:35:25,990 INFO     ONLY ONE UNIQUE: 0.9431111111111111 8488 9000
2023-03-06 15:35:25,990 INFO     LONG AND DIVERSE: 0.005 45 9000
2023-03-06 15:38:14,827 INFO     9100 out of 10000
2023-03-06 15:38:14,827 INFO     ONLY EPSILON: 0.8261538461538461 7518 9100
2023-03-06 15:38:14,827 INFO     MAX LENGTH 1: 0.16021978021978023 1458 9100
2023-03-06 15:38:14,827 INFO     ONLY ONE UNIQUE: 0.9428571428571428 8580 9100
2023-03-06 15:38:14,827 INFO     LONG AND DIVERSE: 0.004945054945054945 45 9100
2023-03-06 15:40:40,979 INFO     9200 out of 10000
2023-03-06 15:40:40,979 INFO     ONLY EPSILON: 0.8265217391304348 7604 9200
2023-03-06 15:40:40,980 INFO     MAX LENGTH 1: 0.16 1472 9200
2023-03-06 15:40:40,980 INFO     ONLY ONE UNIQUE: 0.9428260869565217 8674 9200
2023-03-06 15:40:40,980 INFO     LONG AND DIVERSE: 0.004891304347826087 45 9200
2023-03-06 15:43:12,626 INFO     9300 out of 10000
2023-03-06 15:43:12,626 INFO     ONLY EPSILON: 0.8266666666666667 7688 9300
2023-03-06 15:43:12,626 INFO     MAX LENGTH 1: 0.15989247311827956 1487 9300
2023-03-06 15:43:12,626 INFO     ONLY ONE UNIQUE: 0.9431182795698925 8771 9300
2023-03-06 15:43:12,627 INFO     LONG AND DIVERSE: 0.004838709677419355 45 9300
2023-03-06 15:44:28,026 INFO     9400 out of 10000
2023-03-06 15:44:28,026 INFO     ONLY EPSILON: 0.8272340425531914 7776 9400
2023-03-06 15:44:28,026 INFO     MAX LENGTH 1: 0.15925531914893618 1497 9400
2023-03-06 15:44:28,026 INFO     ONLY ONE UNIQUE: 0.943404255319149 8868 9400
2023-03-06 15:44:28,026 INFO     LONG AND DIVERSE: 0.005 47 9400
2023-03-06 15:46:46,714 INFO     9500 out of 10000
2023-03-06 15:46:46,715 INFO     ONLY EPSILON: 0.8277894736842105 7864 9500
2023-03-06 15:46:46,715 INFO     MAX LENGTH 1: 0.15873684210526315 1508 9500
2023-03-06 15:46:46,715 INFO     ONLY ONE UNIQUE: 0.9436842105263158 8965 9500
2023-03-06 15:46:46,715 INFO     LONG AND DIVERSE: 0.004947368421052632 47 9500
2023-03-06 15:49:12,668 INFO     9600 out of 10000
2023-03-06 15:49:12,668 INFO     ONLY EPSILON: 0.8278125 7947 9600
2023-03-06 15:49:12,668 INFO     MAX LENGTH 1: 0.15885416666666666 1525 9600
2023-03-06 15:49:12,668 INFO     ONLY ONE UNIQUE: 0.9440625 9063 9600
2023-03-06 15:49:12,668 INFO     LONG AND DIVERSE: 0.004895833333333334 47 9600
2023-03-06 15:50:51,531 INFO     9700 out of 10000
2023-03-06 15:50:51,531 INFO     ONLY EPSILON: 0.8278350515463917 8030 9700
2023-03-06 15:50:51,532 INFO     MAX LENGTH 1: 0.15876288659793814 1540 9700
2023-03-06 15:50:51,532 INFO     ONLY ONE UNIQUE: 0.9441237113402062 9158 9700
2023-03-06 15:50:51,532 INFO     LONG AND DIVERSE: 0.004845360824742268 47 9700
2023-03-06 15:52:09,603 INFO     9800 out of 10000
2023-03-06 15:52:09,603 INFO     ONLY EPSILON: 0.8270408163265306 8105 9800
2023-03-06 15:52:09,604 INFO     MAX LENGTH 1: 0.15928571428571428 1561 9800
2023-03-06 15:52:09,604 INFO     ONLY ONE UNIQUE: 0.9438775510204082 9250 9800
2023-03-06 15:52:09,604 INFO     LONG AND DIVERSE: 0.004897959183673469 48 9800
2023-03-06 15:53:41,542 INFO     9900 out of 10000
2023-03-06 15:53:41,542 INFO     ONLY EPSILON: 0.8267676767676768 8185 9900
2023-03-06 15:53:41,542 INFO     MAX LENGTH 1: 0.1596969696969697 1581 9900
2023-03-06 15:53:41,542 INFO     ONLY ONE UNIQUE: 0.943939393939394 9345 9900
2023-03-06 15:53:41,542 INFO     LONG AND DIVERSE: 0.0048484848484848485 48 9900
2023-03-06 15:56:19,645 INFO     ONLY EPSILON: 0.8266 8266 10000
2023-03-06 15:56:19,646 INFO     MAX LENGTH 1: 0.1598 1598 10000
2023-03-06 15:56:19,646 INFO     ONLY ONE UNIQUE: 0.9437 9437 10000
2023-03-06 15:56:19,646 INFO     LONG AND DIVERSE: 0.0049 49 10000
